The system is: Darwin - 15.4.0 - x86_64
Compiling the Fortran compiler identification source file "CMakeFortranCompilerId.F" succeeded.
Compiler: /usr/local/bin/gfortran 
Build flags: 
Id flags: -v

The output was:
0
Driving: /usr/local/bin/gfortran -mmacosx-version-min=10.11.4 -v CMakeFortranCompilerId.F -l gfortran -shared-libgcc
Using built-in specs.
COLLECT_GCC=/usr/local/bin/gfortran
COLLECT_LTO_WRAPPER=/usr/local/libexec/gcc/x86_64-apple-darwin15.0.0/5.3.0/lto-wrapper
Target: x86_64-apple-darwin15.0.0
Configured with: ../gcc-5.3.0/configure --enable-languages=fortran,c,c++
Thread model: posix
gcc version 5.3.0 (GCC) 
COLLECT_GCC_OPTIONS='-mmacosx-version-min=10.11.4' '-v' '-shared-libgcc' '-mtune=core2'
 /usr/local/libexec/gcc/x86_64-apple-darwin15.0.0/5.3.0/f951 CMakeFortranCompilerId.F -ffixed-form -cpp=/var/folders/0x/84xvry2d2731233mzgccbkx00000gn/T//cc7A6eEo.f90 -quiet -v -D__DYNAMIC__ CMakeFortranCompilerId.F -fPIC -quiet -dumpbase CMakeFortranCompilerId.F -mmacosx-version-min=10.11.4 -mtune=core2 -auxbase CMakeFortranCompilerId -version -fintrinsic-modules-path /usr/local/lib/gcc/x86_64-apple-darwin15.0.0/5.3.0/finclude -o /var/folders/0x/84xvry2d2731233mzgccbkx00000gn/T//ccqHZH4a.s
GNU Fortran (GCC) version 5.3.0 (x86_64-apple-darwin15.0.0)
	compiled by GNU C version 5.3.0, GMP version 6.0.0, MPFR version 3.1.2-p10, MPC version 1.0.2
GGC heuristics: --param ggc-min-expand=100 --param ggc-min-heapsize=131072
ignoring nonexistent directory "/usr/local/lib/gcc/x86_64-apple-darwin15.0.0/5.3.0/../../../../x86_64-apple-darwin15.0.0/include"
#include "..." search starts here:
#include <...> search starts here:
 /usr/local/lib/gcc/x86_64-apple-darwin15.0.0/5.3.0/finclude
 /usr/local/lib/gcc/x86_64-apple-darwin15.0.0/5.3.0/include
 /usr/local/include
 /usr/local/lib/gcc/x86_64-apple-darwin15.0.0/5.3.0/include-fixed
 /usr/include
End of search list.
GNU Fortran2008 (GCC) version 5.3.0 (x86_64-apple-darwin15.0.0)
	compiled by GNU C version 5.3.0, GMP version 6.0.0, MPFR version 3.1.2-p10, MPC version 1.0.2
GGC heuristics: --param ggc-min-expand=100 --param ggc-min-heapsize=131072
COLLECT_GCC_OPTIONS='-mmacosx-version-min=10.11.4' '-v' '-shared-libgcc' '-mtune=core2'
 as -arch x86_64 -force_cpusubtype_ALL -o /var/folders/0x/84xvry2d2731233mzgccbkx00000gn/T//ccxx4Ejl.o /var/folders/0x/84xvry2d2731233mzgccbkx00000gn/T//ccqHZH4a.s
Reading specs from /usr/local/lib/gcc/x86_64-apple-darwin15.0.0/5.3.0/../../../libgfortran.spec
rename spec lib to liborig
COLLECT_GCC_OPTIONS='-mmacosx-version-min=10.11.4' '-v' '-shared-libgcc' '-mtune=core2'
COMPILER_PATH=/usr/local/libexec/gcc/x86_64-apple-darwin15.0.0/5.3.0/:/usr/local/libexec/gcc/x86_64-apple-darwin15.0.0/5.3.0/:/usr/local/libexec/gcc/x86_64-apple-darwin15.0.0/:/usr/local/lib/gcc/x86_64-apple-darwin15.0.0/5.3.0/:/usr/local/lib/gcc/x86_64-apple-darwin15.0.0/
LIBRARY_PATH=/usr/local/lib/gcc/x86_64-apple-darwin15.0.0/5.3.0/:/usr/local/lib/gcc/x86_64-apple-darwin15.0.0/5.3.0/../../../:/usr/lib/
COLLECT_GCC_OPTIONS='-mmacosx-version-min=10.11.4' '-v' '-shared-libgcc' '-mtune=core2'
 /usr/local/libexec/gcc/x86_64-apple-darwin15.0.0/5.3.0/collect2 -dynamic -arch x86_64 -macosx_version_min 10.11.4 -weak_reference_mismatches non-weak -o a.out -L/usr/local/lib/gcc/x86_64-apple-darwin15.0.0/5.3.0 -L/usr/local/lib/gcc/x86_64-apple-darwin15.0.0/5.3.0/../../.. /var/folders/0x/84xvry2d2731233mzgccbkx00000gn/T//ccxx4Ejl.o -lgfortran -no_compact_unwind -lSystem -lgcc_ext.10.5 -lgcc -lquadmath -lm -lgcc_ext.10.5 -lgcc -lSystem -v
collect2 version 5.3.0
/usr/bin/ld -dynamic -arch x86_64 -macosx_version_min 10.11.4 -weak_reference_mismatches non-weak -o a.out -L/usr/local/lib/gcc/x86_64-apple-darwin15.0.0/5.3.0 -L/usr/local/lib/gcc/x86_64-apple-darwin15.0.0/5.3.0/../../.. /var/folders/0x/84xvry2d2731233mzgccbkx00000gn/T//ccxx4Ejl.o -lgfortran -no_compact_unwind -lSystem -lgcc_ext.10.5 -lgcc -lquadmath -lm -lgcc_ext.10.5 -lgcc -lSystem -v
@(#)PROGRAM:ld  PROJECT:ld64-264.3.102
configured to support archs: armv6 armv7 armv7s arm64 i386 x86_64 x86_64h armv6m armv7k armv7m armv7em (tvOS)
Library search paths:
	/usr/local/lib/gcc/x86_64-apple-darwin15.0.0/5.3.0
	/usr/local/lib
	/usr/lib
	/usr/local/lib
Framework search paths:
	/Library/Frameworks/
	/System/Library/Frameworks/


Compilation of the Fortran compiler identification source "CMakeFortranCompilerId.F" produced "a.out"

The Fortran compiler identification is GNU, found in "/Users/swopscha/Documents/plethora/json-fortran-master/CMakeFiles/3.5.2/CompilerIdFortran/a.out"

Determining if the Fortran compiler works passed with the following output:
Change Dir: /Users/swopscha/Documents/plethora/json-fortran-master/CMakeFiles/CMakeTmp

Run Build Command:"/usr/bin/make" "cmTC_37573/fast"
/Applications/Xcode.app/Contents/Developer/usr/bin/make -f CMakeFiles/cmTC_37573.dir/build.make CMakeFiles/cmTC_37573.dir/build
Building Fortran object CMakeFiles/cmTC_37573.dir/testFortranCompiler.f.o
/usr/local/bin/gfortran     -c /Users/swopscha/Documents/plethora/json-fortran-master/CMakeFiles/CMakeTmp/testFortranCompiler.f -o CMakeFiles/cmTC_37573.dir/testFortranCompiler.f.o
Linking Fortran executable cmTC_37573
/Applications/CMake.app/Contents/bin/cmake -E cmake_link_script CMakeFiles/cmTC_37573.dir/link.txt --verbose=1
/usr/local/bin/gfortran       CMakeFiles/cmTC_37573.dir/testFortranCompiler.f.o  -o cmTC_37573  


Detecting Fortran compiler ABI info compiled with the following output:
Change Dir: /Users/swopscha/Documents/plethora/json-fortran-master/CMakeFiles/CMakeTmp

Run Build Command:"/usr/bin/make" "cmTC_b7394/fast"
/Applications/Xcode.app/Contents/Developer/usr/bin/make -f CMakeFiles/cmTC_b7394.dir/build.make CMakeFiles/cmTC_b7394.dir/build
Building Fortran object CMakeFiles/cmTC_b7394.dir/CMakeFortranCompilerABI.F.o
/usr/local/bin/gfortran     -c /Applications/CMake.app/Contents/share/cmake-3.5/Modules/CMakeFortranCompilerABI.F -o CMakeFiles/cmTC_b7394.dir/CMakeFortranCompilerABI.F.o
Linking Fortran executable cmTC_b7394
/Applications/CMake.app/Contents/bin/cmake -E cmake_link_script CMakeFiles/cmTC_b7394.dir/link.txt --verbose=1
/usr/local/bin/gfortran    -v -Wl,-v   CMakeFiles/cmTC_b7394.dir/CMakeFortranCompilerABI.F.o  -o cmTC_b7394   
Driving: /usr/local/bin/gfortran -mmacosx-version-min=10.11.4 -v -Wl,-v CMakeFiles/cmTC_b7394.dir/CMakeFortranCompilerABI.F.o -o cmTC_b7394 -l gfortran -shared-libgcc
Using built-in specs.
COLLECT_GCC=/usr/local/bin/gfortran
COLLECT_LTO_WRAPPER=/usr/local/libexec/gcc/x86_64-apple-darwin15.0.0/5.3.0/lto-wrapper
Target: x86_64-apple-darwin15.0.0
Configured with: ../gcc-5.3.0/configure --enable-languages=fortran,c,c++
Thread model: posix
gcc version 5.3.0 (GCC) 
Reading specs from /usr/local/lib/gcc/x86_64-apple-darwin15.0.0/5.3.0/../../../libgfortran.spec
rename spec lib to liborig
COLLECT_GCC_OPTIONS='-mmacosx-version-min=10.11.4' '-v' '-o' 'cmTC_b7394' '-shared-libgcc' '-mtune=core2'
COMPILER_PATH=/usr/local/libexec/gcc/x86_64-apple-darwin15.0.0/5.3.0/:/usr/local/libexec/gcc/x86_64-apple-darwin15.0.0/5.3.0/:/usr/local/libexec/gcc/x86_64-apple-darwin15.0.0/:/usr/local/lib/gcc/x86_64-apple-darwin15.0.0/5.3.0/:/usr/local/lib/gcc/x86_64-apple-darwin15.0.0/
LIBRARY_PATH=/usr/local/lib/gcc/x86_64-apple-darwin15.0.0/5.3.0/:/usr/local/lib/gcc/x86_64-apple-darwin15.0.0/5.3.0/../../../:/usr/lib/
COLLECT_GCC_OPTIONS='-mmacosx-version-min=10.11.4' '-v' '-o' 'cmTC_b7394' '-shared-libgcc' '-mtune=core2'
 /usr/local/libexec/gcc/x86_64-apple-darwin15.0.0/5.3.0/collect2 -dynamic -arch x86_64 -macosx_version_min 10.11.4 -weak_reference_mismatches non-weak -o cmTC_b7394 -L/usr/local/lib/gcc/x86_64-apple-darwin15.0.0/5.3.0 -L/usr/local/lib/gcc/x86_64-apple-darwin15.0.0/5.3.0/../../.. -v CMakeFiles/cmTC_b7394.dir/CMakeFortranCompilerABI.F.o -lgfortran -no_compact_unwind -lSystem -lgcc_ext.10.5 -lgcc -lquadmath -lm -lgcc_ext.10.5 -lgcc -lSystem -v
collect2 version 5.3.0
/usr/bin/ld -dynamic -arch x86_64 -macosx_version_min 10.11.4 -weak_reference_mismatches non-weak -o cmTC_b7394 -L/usr/local/lib/gcc/x86_64-apple-darwin15.0.0/5.3.0 -L/usr/local/lib/gcc/x86_64-apple-darwin15.0.0/5.3.0/../../.. -v CMakeFiles/cmTC_b7394.dir/CMakeFortranCompilerABI.F.o -lgfortran -no_compact_unwind -lSystem -lgcc_ext.10.5 -lgcc -lquadmath -lm -lgcc_ext.10.5 -lgcc -lSystem -v
@(#)PROGRAM:ld  PROJECT:ld64-264.3.102
configured to support archs: armv6 armv7 armv7s arm64 i386 x86_64 x86_64h armv6m armv7k armv7m armv7em (tvOS)
@(#)PROGRAM:ld  PROJECT:ld64-264.3.102
configured to support archs: armv6 armv7 armv7s arm64 i386 x86_64 x86_64h armv6m armv7k armv7m armv7em (tvOS)
Library search paths:
	/usr/local/lib/gcc/x86_64-apple-darwin15.0.0/5.3.0
	/usr/local/lib
	/usr/lib
	/usr/local/lib
Framework search paths:
	/Library/Frameworks/
	/System/Library/Frameworks/


Parsed Fortran implicit link information from above output:
  link line regex: [^( *|.*[/\])(ld|([^/\]+-)?ld|collect2)[^/\]*( |$)]
  ignore line: [Change Dir: /Users/swopscha/Documents/plethora/json-fortran-master/CMakeFiles/CMakeTmp]
  ignore line: []
  ignore line: [Run Build Command:"/usr/bin/make" "cmTC_b7394/fast"]
  ignore line: [/Applications/Xcode.app/Contents/Developer/usr/bin/make -f CMakeFiles/cmTC_b7394.dir/build.make CMakeFiles/cmTC_b7394.dir/build]
  ignore line: [Building Fortran object CMakeFiles/cmTC_b7394.dir/CMakeFortranCompilerABI.F.o]
  ignore line: [/usr/local/bin/gfortran     -c /Applications/CMake.app/Contents/share/cmake-3.5/Modules/CMakeFortranCompilerABI.F -o CMakeFiles/cmTC_b7394.dir/CMakeFortranCompilerABI.F.o]
  ignore line: [Linking Fortran executable cmTC_b7394]
  ignore line: [/Applications/CMake.app/Contents/bin/cmake -E cmake_link_script CMakeFiles/cmTC_b7394.dir/link.txt --verbose=1]
  ignore line: [/usr/local/bin/gfortran    -v -Wl,-v   CMakeFiles/cmTC_b7394.dir/CMakeFortranCompilerABI.F.o  -o cmTC_b7394   ]
  ignore line: [Driving: /usr/local/bin/gfortran -mmacosx-version-min=10.11.4 -v -Wl,-v CMakeFiles/cmTC_b7394.dir/CMakeFortranCompilerABI.F.o -o cmTC_b7394 -l gfortran -shared-libgcc]
  ignore line: [Using built-in specs.]
  ignore line: [COLLECT_GCC=/usr/local/bin/gfortran]
  ignore line: [COLLECT_LTO_WRAPPER=/usr/local/libexec/gcc/x86_64-apple-darwin15.0.0/5.3.0/lto-wrapper]
  ignore line: [Target: x86_64-apple-darwin15.0.0]
  ignore line: [Configured with: ../gcc-5.3.0/configure --enable-languages=fortran,c,c++]
  ignore line: [Thread model: posix]
  ignore line: [gcc version 5.3.0 (GCC) ]
  ignore line: [Reading specs from /usr/local/lib/gcc/x86_64-apple-darwin15.0.0/5.3.0/../../../libgfortran.spec]
  ignore line: [rename spec lib to liborig]
  ignore line: [COLLECT_GCC_OPTIONS='-mmacosx-version-min=10.11.4' '-v' '-o' 'cmTC_b7394' '-shared-libgcc' '-mtune=core2']
  ignore line: [COMPILER_PATH=/usr/local/libexec/gcc/x86_64-apple-darwin15.0.0/5.3.0/:/usr/local/libexec/gcc/x86_64-apple-darwin15.0.0/5.3.0/:/usr/local/libexec/gcc/x86_64-apple-darwin15.0.0/:/usr/local/lib/gcc/x86_64-apple-darwin15.0.0/5.3.0/:/usr/local/lib/gcc/x86_64-apple-darwin15.0.0/]
  ignore line: [LIBRARY_PATH=/usr/local/lib/gcc/x86_64-apple-darwin15.0.0/5.3.0/:/usr/local/lib/gcc/x86_64-apple-darwin15.0.0/5.3.0/../../../:/usr/lib/]
  ignore line: [COLLECT_GCC_OPTIONS='-mmacosx-version-min=10.11.4' '-v' '-o' 'cmTC_b7394' '-shared-libgcc' '-mtune=core2']
  link line: [ /usr/local/libexec/gcc/x86_64-apple-darwin15.0.0/5.3.0/collect2 -dynamic -arch x86_64 -macosx_version_min 10.11.4 -weak_reference_mismatches non-weak -o cmTC_b7394 -L/usr/local/lib/gcc/x86_64-apple-darwin15.0.0/5.3.0 -L/usr/local/lib/gcc/x86_64-apple-darwin15.0.0/5.3.0/../../.. -v CMakeFiles/cmTC_b7394.dir/CMakeFortranCompilerABI.F.o -lgfortran -no_compact_unwind -lSystem -lgcc_ext.10.5 -lgcc -lquadmath -lm -lgcc_ext.10.5 -lgcc -lSystem -v]
    arg [/usr/local/libexec/gcc/x86_64-apple-darwin15.0.0/5.3.0/collect2] ==> ignore
    arg [-dynamic] ==> ignore
    arg [-arch] ==> ignore
    arg [x86_64] ==> ignore
    arg [-macosx_version_min] ==> ignore
    arg [10.11.4] ==> ignore
    arg [-weak_reference_mismatches] ==> ignore
    arg [non-weak] ==> ignore
    arg [-o] ==> ignore
    arg [cmTC_b7394] ==> ignore
    arg [-L/usr/local/lib/gcc/x86_64-apple-darwin15.0.0/5.3.0] ==> dir [/usr/local/lib/gcc/x86_64-apple-darwin15.0.0/5.3.0]
    arg [-L/usr/local/lib/gcc/x86_64-apple-darwin15.0.0/5.3.0/../../..] ==> dir [/usr/local/lib/gcc/x86_64-apple-darwin15.0.0/5.3.0/../../..]
    arg [-v] ==> ignore
    arg [CMakeFiles/cmTC_b7394.dir/CMakeFortranCompilerABI.F.o] ==> ignore
    arg [-lgfortran] ==> lib [gfortran]
    arg [-no_compact_unwind] ==> ignore
    arg [-lSystem] ==> lib [System]
    arg [-lgcc_ext.10.5] ==> lib [gcc_ext.10.5]
    arg [-lgcc] ==> lib [gcc]
    arg [-lquadmath] ==> lib [quadmath]
    arg [-lm] ==> lib [m]
    arg [-lgcc_ext.10.5] ==> lib [gcc_ext.10.5]
    arg [-lgcc] ==> lib [gcc]
    arg [-lSystem] ==> lib [System]
    arg [-v] ==> ignore
  Library search paths: [;/usr/local/lib/gcc/x86_64-apple-darwin15.0.0/5.3.0;/usr/local/lib;/usr/lib;/usr/local/lib]
  Framework search paths: [;/Library/Frameworks/;/System/Library/Frameworks/]
  remove lib [System]
  remove lib [gcc_ext.10.5]
  remove lib [gcc]
  remove lib [gcc_ext.10.5]
  remove lib [gcc]
  remove lib [System]
  collapse library dir [/usr/local/lib/gcc/x86_64-apple-darwin15.0.0/5.3.0] ==> [/usr/local/lib/gcc/x86_64-apple-darwin15.0.0/5.3.0]
  collapse library dir [/usr/local/lib/gcc/x86_64-apple-darwin15.0.0/5.3.0/../../..] ==> [/usr/local/lib]
  collapse library dir [/usr/local/lib/gcc/x86_64-apple-darwin15.0.0/5.3.0] ==> [/usr/local/lib/gcc/x86_64-apple-darwin15.0.0/5.3.0]
  collapse library dir [/usr/local/lib] ==> [/usr/local/lib]
  collapse library dir [/usr/lib] ==> [/usr/lib]
  collapse library dir [/usr/local/lib] ==> [/usr/local/lib]
  collapse framework dir [/Library/Frameworks/] ==> [/Library/Frameworks]
  collapse framework dir [/System/Library/Frameworks/] ==> [/System/Library/Frameworks]
  implicit libs: [gfortran;quadmath;m]
  implicit dirs: [/usr/local/lib/gcc/x86_64-apple-darwin15.0.0/5.3.0;/usr/local/lib;/usr/lib]
  implicit fwks: [/Library/Frameworks;/System/Library/Frameworks]


Determining if the Fortran compiler supports Fortran 90 passed with the following output:
Change Dir: /Users/swopscha/Documents/plethora/json-fortran-master/CMakeFiles/CMakeTmp

Run Build Command:"/usr/bin/make" "cmTC_b91bb/fast"
/Applications/Xcode.app/Contents/Developer/usr/bin/make -f CMakeFiles/cmTC_b91bb.dir/build.make CMakeFiles/cmTC_b91bb.dir/build
Building Fortran object CMakeFiles/cmTC_b91bb.dir/testFortranCompilerF90.f90.o
/usr/local/bin/gfortran     -c /Users/swopscha/Documents/plethora/json-fortran-master/CMakeFiles/CMakeTmp/testFortranCompilerF90.f90 -o CMakeFiles/cmTC_b91bb.dir/testFortranCompilerF90.f90.o
Linking Fortran executable cmTC_b91bb
/Applications/CMake.app/Contents/bin/cmake -E cmake_link_script CMakeFiles/cmTC_b91bb.dir/link.txt --verbose=1
/usr/local/bin/gfortran       CMakeFiles/cmTC_b91bb.dir/testFortranCompilerF90.f90.o  -o cmTC_b91bb  


